#-----------------------------------------------------------
# Vivado v2018.3 (64-bit)
# SW Build 2405991 on Thu Dec  6 23:38:27 MST 2018
# IP Build 2404404 on Fri Dec  7 01:43:56 MST 2018
# Start of session at: Tue Apr  9 20:28:48 2019
# Process ID: 2100
# Current directory: C:/Users/David/Documents/GitHub/DesignOfDigitalCircuits-Sven-David/Lab_Reports/Week5/davids_solution/vivado_garbage/Lab5
# Command line: vivado.exe -gui_launcher_event rodinguilauncherevent3316 C:\Users\David\Documents\GitHub\DesignOfDigitalCircuits-Sven-David\Lab_Reports\Week5\davids_solution\vivado_garbage\Lab5\Lab5.xpr
# Log file: C:/Users/David/Documents/GitHub/DesignOfDigitalCircuits-Sven-David/Lab_Reports/Week5/davids_solution/vivado_garbage/Lab5/vivado.log
# Journal file: C:/Users/David/Documents/GitHub/DesignOfDigitalCircuits-Sven-David/Lab_Reports/Week5/davids_solution/vivado_garbage/Lab5\vivado.jou
#-----------------------------------------------------------
start_gui
open_project C:/Users/David/Documents/GitHub/DesignOfDigitalCircuits-Sven-David/Lab_Reports/Week5/davids_solution/vivado_garbage/Lab5/Lab5.xpr
INFO: [ProjectBase 1-489] The host OS only allows 260 characters in a normal path. The project is stored in a path with more than 80 characters. If you experience issues with IP, Block Designs, or files not being found, please consider moving the project to a location with a shorter path. Alternately consider using the OS subst command to map part of the path to a drive letter.
Current project path is 'C:/Users/David/Documents/GitHub/DesignOfDigitalCircuits-Sven-David/Lab_Reports/Week5/davids_solution/vivado_garbage/Lab5'
INFO: [Project 1-313] Project file moved from 'C:/Users/David/FPGA/Lab5' since last save.
CRITICAL WARNING: [Project 1-311] Could not find the file 'C:/Users/David/Documents/GitHub/DesignOfDigitalCircuits-Sven-David/Lab_Reports/Week5/davids_solution/Documents/GitHub/DesignOfDigitalCircuits-Sven-David/LabSources/Lab5_source_files/davids_suggestion/ALU/ALU.srcs/sources_1/new/AND.v', nor could it be found using path 'C:/Users/David/Documents/GitHub/DesignOfDigitalCircuits-Sven-David/LabSources/Lab5_source_files/davids_suggestion/ALU/ALU.srcs/sources_1/new/AND.v'.
CRITICAL WARNING: [Project 1-311] Could not find the file 'C:/Users/David/Documents/GitHub/DesignOfDigitalCircuits-Sven-David/Lab_Reports/Week5/davids_solution/Documents/GitHub/DesignOfDigitalCircuits-Sven-David/LabSources/Lab5_source_files/davids_suggestion/ALU/ALU.srcs/sources_1/new/NOR.v', nor could it be found using path 'C:/Users/David/Documents/GitHub/DesignOfDigitalCircuits-Sven-David/LabSources/Lab5_source_files/davids_suggestion/ALU/ALU.srcs/sources_1/new/NOR.v'.
CRITICAL WARNING: [Project 1-311] Could not find the file 'C:/Users/David/Documents/GitHub/DesignOfDigitalCircuits-Sven-David/Lab_Reports/Week5/davids_solution/Documents/GitHub/DesignOfDigitalCircuits-Sven-David/LabSources/Lab5_source_files/davids_suggestion/ALU/ALU.srcs/sources_1/new/OR.v', nor could it be found using path 'C:/Users/David/Documents/GitHub/DesignOfDigitalCircuits-Sven-David/LabSources/Lab5_source_files/davids_suggestion/ALU/ALU.srcs/sources_1/new/OR.v'.
CRITICAL WARNING: [Project 1-311] Could not find the file 'C:/Users/David/Documents/GitHub/DesignOfDigitalCircuits-Sven-David/Lab_Reports/Week5/davids_solution/Documents/GitHub/DesignOfDigitalCircuits-Sven-David/LabSources/Lab5_source_files/davids_suggestion/ALU/ALU.srcs/sources_1/new/SLT.v', nor could it be found using path 'C:/Users/David/Documents/GitHub/DesignOfDigitalCircuits-Sven-David/LabSources/Lab5_source_files/davids_suggestion/ALU/ALU.srcs/sources_1/new/SLT.v'.
CRITICAL WARNING: [Project 1-311] Could not find the file 'C:/Users/David/Documents/GitHub/DesignOfDigitalCircuits-Sven-David/Lab_Reports/Week5/davids_solution/Documents/GitHub/DesignOfDigitalCircuits-Sven-David/LabSources/Lab5_source_files/davids_suggestion/ALU/ALU.srcs/sources_1/new/SUB.v', nor could it be found using path 'C:/Users/David/Documents/GitHub/DesignOfDigitalCircuits-Sven-David/LabSources/Lab5_source_files/davids_suggestion/ALU/ALU.srcs/sources_1/new/SUB.v'.
CRITICAL WARNING: [Project 1-311] Could not find the file 'C:/Users/David/Documents/GitHub/DesignOfDigitalCircuits-Sven-David/Lab_Reports/Week5/davids_solution/Documents/GitHub/DesignOfDigitalCircuits-Sven-David/LabSources/Lab5_source_files/davids_suggestion/ALU/ALU.srcs/sources_1/new/XOR.v', nor could it be found using path 'C:/Users/David/Documents/GitHub/DesignOfDigitalCircuits-Sven-David/LabSources/Lab5_source_files/davids_suggestion/ALU/ALU.srcs/sources_1/new/XOR.v'.
CRITICAL WARNING: [Project 1-311] Could not find the file 'C:/Users/David/Documents/GitHub/DesignOfDigitalCircuits-Sven-David/Lab_Reports/Week5/davids_solution/Documents/GitHub/DesignOfDigitalCircuits-Sven-David/LabSources/Lab5_source_files/davids_suggestion/ALU/ALU.srcs/sources_1/new/ALU.v', nor could it be found using path 'C:/Users/David/Documents/GitHub/DesignOfDigitalCircuits-Sven-David/LabSources/Lab5_source_files/davids_suggestion/ALU/ALU.srcs/sources_1/new/ALU.v'.
CRITICAL WARNING: [Project 1-311] Could not find the file 'C:/Users/David/Documents/GitHub/DesignOfDigitalCircuits-Sven-David/Lab_Reports/Week5/davids_solution/Documents/GitHub/DesignOfDigitalCircuits-Sven-David/LabSources/Lab5_source_files/davids_suggestion/ALU/ALU.srcs/constrs_1/new/contraints.xdc', nor could it be found using path 'C:/Users/David/Documents/GitHub/DesignOfDigitalCircuits-Sven-David/LabSources/Lab5_source_files/davids_suggestion/ALU/ALU.srcs/constrs_1/new/contraints.xdc'.
Scanning sources...
Finished scanning sources
INFO: [IP_Flow 19-234] Refreshing IP repositories
INFO: [IP_Flow 19-1704] No user IP repositories specified
INFO: [IP_Flow 19-2313] Loaded Vivado IP repository 'E:/Xilinx/Vivado/2018.3/data/ip'.
open_project: Time (s): cpu = 00:00:15 ; elapsed = 00:00:10 . Memory (MB): peak = 669.832 ; gain = 89.465
update_compile_order -fileset sources_1
update_compile_order -fileset sources_1
