
*** Running vivado
    with args -log ALU.vds -m64 -product Vivado -mode batch -messageDb vivado.pb -notrace -source ALU.tcl


****** Vivado v2018.3 (64-bit)
  **** SW Build 2405991 on Thu Dec  6 23:38:27 MST 2018
  **** IP Build 2404404 on Fri Dec  7 01:43:56 MST 2018
    ** Copyright 1986-2018 Xilinx, Inc. All Rights Reserved.

source ALU.tcl -notrace
Command: synth_design -top ALU -part xc7a35tcpg236-1
Starting synth_design
Attempting to get a license for feature 'Synthesis' and/or device 'xc7a35t'
INFO: [Common 17-349] Got license for feature 'Synthesis' and/or device 'xc7a35t'
INFO: Launching helper process for spawning children vivado processes
INFO: Helper process launched with PID 4604 
---------------------------------------------------------------------------------
Starting RTL Elaboration : Time (s): cpu = 00:00:02 ; elapsed = 00:00:02 . Memory (MB): peak = 338.660 ; gain = 71.625
---------------------------------------------------------------------------------
INFO: [Synth 8-6157] synthesizing module 'ALU' [C:/Users/David/FPGA/ALU/ALU.srcs/sources_1/new/ALU.v:23]
INFO: [Synth 8-6157] synthesizing module 'ADD' [C:/Users/David/FPGA/ALU/ALU.srcs/sources_1/new/ADD.v:23]
INFO: [Synth 8-6155] done synthesizing module 'ADD' (1#1) [C:/Users/David/FPGA/ALU/ALU.srcs/sources_1/new/ADD.v:23]
INFO: [Synth 8-6157] synthesizing module 'SUB' [C:/Users/David/FPGA/ALU/ALU.srcs/sources_1/new/SUB.v:23]
INFO: [Synth 8-6155] done synthesizing module 'SUB' (2#1) [C:/Users/David/FPGA/ALU/ALU.srcs/sources_1/new/SUB.v:23]
INFO: [Synth 8-6157] synthesizing module 'AND' [C:/Users/David/FPGA/ALU/ALU.srcs/sources_1/new/AND.v:23]
INFO: [Synth 8-6155] done synthesizing module 'AND' (3#1) [C:/Users/David/FPGA/ALU/ALU.srcs/sources_1/new/AND.v:23]
INFO: [Synth 8-6157] synthesizing module 'OR' [C:/Users/David/FPGA/ALU/ALU.srcs/sources_1/new/OR.v:23]
INFO: [Synth 8-6155] done synthesizing module 'OR' (4#1) [C:/Users/David/FPGA/ALU/ALU.srcs/sources_1/new/OR.v:23]
INFO: [Synth 8-6157] synthesizing module 'XOR' [C:/Users/David/FPGA/ALU/ALU.srcs/sources_1/new/XOR.v:23]
INFO: [Synth 8-6155] done synthesizing module 'XOR' (5#1) [C:/Users/David/FPGA/ALU/ALU.srcs/sources_1/new/XOR.v:23]
INFO: [Synth 8-6157] synthesizing module 'NOR' [C:/Users/David/FPGA/ALU/ALU.srcs/sources_1/new/NOR.v:23]
INFO: [Synth 8-6155] done synthesizing module 'NOR' (6#1) [C:/Users/David/FPGA/ALU/ALU.srcs/sources_1/new/NOR.v:23]
INFO: [Synth 8-6157] synthesizing module 'SLT' [C:/Users/David/FPGA/ALU/ALU.srcs/sources_1/new/SLT.v:23]
INFO: [Synth 8-6155] done synthesizing module 'SLT' (7#1) [C:/Users/David/FPGA/ALU/ALU.srcs/sources_1/new/SLT.v:23]
INFO: [Synth 8-6155] done synthesizing module 'ALU' (8#1) [C:/Users/David/FPGA/ALU/ALU.srcs/sources_1/new/ALU.v:23]
---------------------------------------------------------------------------------
Finished RTL Elaboration : Time (s): cpu = 00:00:02 ; elapsed = 00:00:03 . Memory (MB): peak = 394.043 ; gain = 127.008
---------------------------------------------------------------------------------

Report Check Netlist: 
+------+------------------+-------+---------+-------+------------------+
|      |Item              |Errors |Warnings |Status |Description       |
+------+------------------+-------+---------+-------+------------------+
|1     |multi_driven_nets |      0|        0|Passed |Multi driven nets |
+------+------------------+-------+---------+-------+------------------+
---------------------------------------------------------------------------------
Start Handling Custom Attributes
---------------------------------------------------------------------------------
---------------------------------------------------------------------------------
Finished Handling Custom Attributes : Time (s): cpu = 00:00:02 ; elapsed = 00:00:03 . Memory (MB): peak = 394.043 ; gain = 127.008
---------------------------------------------------------------------------------
---------------------------------------------------------------------------------
Finished RTL Optimization Phase 1 : Time (s): cpu = 00:00:02 ; elapsed = 00:00:03 . Memory (MB): peak = 394.043 ; gain = 127.008
---------------------------------------------------------------------------------
INFO: [Device 21-403] Loading part xc7a35tcpg236-1
INFO: [Project 1-570] Preparing netlist for logic optimization

Processing XDC Constraints
Initializing timing engine
Parsing XDC File [C:/Users/David/FPGA/ALU/ALU.srcs/constrs_1/new/contraints.xdc]
WARNING: [Constraints 18-402] set_max_delay: 'result[0]' is not a valid startpoint. [C:/Users/David/FPGA/ALU/ALU.srcs/constrs_1/new/contraints.xdc:1]
Resolution: A valid start point is a main or generated clock pin or port, a clock pin of a sequential cell, or a primary input or inout port. Please validate that all the objects returned by your query belong to this list.
WARNING: [Constraints 18-402] set_max_delay: 'result[10]' is not a valid startpoint. [C:/Users/David/FPGA/ALU/ALU.srcs/constrs_1/new/contraints.xdc:1]
Resolution: A valid start point is a main or generated clock pin or port, a clock pin of a sequential cell, or a primary input or inout port. Please validate that all the objects returned by your query belong to this list.
WARNING: [Constraints 18-402] set_max_delay: 'result[11]' is not a valid startpoint. [C:/Users/David/FPGA/ALU/ALU.srcs/constrs_1/new/contraints.xdc:1]
Resolution: A valid start point is a main or generated clock pin or port, a clock pin of a sequential cell, or a primary input or inout port. Please validate that all the objects returned by your query belong to this list.
WARNING: [Constraints 18-402] set_max_delay: 'result[12]' is not a valid startpoint. [C:/Users/David/FPGA/ALU/ALU.srcs/constrs_1/new/contraints.xdc:1]
Resolution: A valid start point is a main or generated clock pin or port, a clock pin of a sequential cell, or a primary input or inout port. Please validate that all the objects returned by your query belong to this list.
WARNING: [Constraints 18-402] set_max_delay: 'result[13]' is not a valid startpoint. [C:/Users/David/FPGA/ALU/ALU.srcs/constrs_1/new/contraints.xdc:1]
Resolution: A valid start point is a main or generated clock pin or port, a clock pin of a sequential cell, or a primary input or inout port. Please validate that all the objects returned by your query belong to this list.
WARNING: [Constraints 18-402] set_max_delay: 'result[14]' is not a valid startpoint. [C:/Users/David/FPGA/ALU/ALU.srcs/constrs_1/new/contraints.xdc:1]
Resolution: A valid start point is a main or generated clock pin or port, a clock pin of a sequential cell, or a primary input or inout port. Please validate that all the objects returned by your query belong to this list.
WARNING: [Constraints 18-402] set_max_delay: 'result[15]' is not a valid startpoint. [C:/Users/David/FPGA/ALU/ALU.srcs/constrs_1/new/contraints.xdc:1]
Resolution: A valid start point is a main or generated clock pin or port, a clock pin of a sequential cell, or a primary input or inout port. Please validate that all the objects returned by your query belong to this list.
WARNING: [Constraints 18-402] set_max_delay: 'result[16]' is not a valid startpoint. [C:/Users/David/FPGA/ALU/ALU.srcs/constrs_1/new/contraints.xdc:1]
Resolution: A valid start point is a main or generated clock pin or port, a clock pin of a sequential cell, or a primary input or inout port. Please validate that all the objects returned by your query belong to this list.
WARNING: [Constraints 18-402] set_max_delay: 'result[17]' is not a valid startpoint. [C:/Users/David/FPGA/ALU/ALU.srcs/constrs_1/new/contraints.xdc:1]
Resolution: A valid start point is a main or generated clock pin or port, a clock pin of a sequential cell, or a primary input or inout port. Please validate that all the objects returned by your query belong to this list.
WARNING: [Constraints 18-402] set_max_delay: 'result[18]' is not a valid startpoint. [C:/Users/David/FPGA/ALU/ALU.srcs/constrs_1/new/contraints.xdc:1]
Resolution: A valid start point is a main or generated clock pin or port, a clock pin of a sequential cell, or a primary input or inout port. Please validate that all the objects returned by your query belong to this list.
WARNING: [Constraints 18-402] set_max_delay: 'result[19]' is not a valid startpoint. [C:/Users/David/FPGA/ALU/ALU.srcs/constrs_1/new/contraints.xdc:1]
Resolution: A valid start point is a main or generated clock pin or port, a clock pin of a sequential cell, or a primary input or inout port. Please validate that all the objects returned by your query belong to this list.
WARNING: [Constraints 18-402] set_max_delay: 'result[1]' is not a valid startpoint. [C:/Users/David/FPGA/ALU/ALU.srcs/constrs_1/new/contraints.xdc:1]
Resolution: A valid start point is a main or generated clock pin or port, a clock pin of a sequential cell, or a primary input or inout port. Please validate that all the objects returned by your query belong to this list.
WARNING: [Constraints 18-402] set_max_delay: 'result[20]' is not a valid startpoint. [C:/Users/David/FPGA/ALU/ALU.srcs/constrs_1/new/contraints.xdc:1]
Resolution: A valid start point is a main or generated clock pin or port, a clock pin of a sequential cell, or a primary input or inout port. Please validate that all the objects returned by your query belong to this list.
WARNING: [Constraints 18-402] set_max_delay: 'result[21]' is not a valid startpoint. [C:/Users/David/FPGA/ALU/ALU.srcs/constrs_1/new/contraints.xdc:1]
Resolution: A valid start point is a main or generated clock pin or port, a clock pin of a sequential cell, or a primary input or inout port. Please validate that all the objects returned by your query belong to this list.
WARNING: [Constraints 18-402] set_max_delay: 'result[22]' is not a valid startpoint. [C:/Users/David/FPGA/ALU/ALU.srcs/constrs_1/new/contraints.xdc:1]
Resolution: A valid start point is a main or generated clock pin or port, a clock pin of a sequential cell, or a primary input or inout port. Please validate that all the objects returned by your query belong to this list.
WARNING: [Constraints 18-402] set_max_delay: 'result[23]' is not a valid startpoint. [C:/Users/David/FPGA/ALU/ALU.srcs/constrs_1/new/contraints.xdc:1]
Resolution: A valid start point is a main or generated clock pin or port, a clock pin of a sequential cell, or a primary input or inout port. Please validate that all the objects returned by your query belong to this list.
WARNING: [Constraints 18-402] set_max_delay: 'result[24]' is not a valid startpoint. [C:/Users/David/FPGA/ALU/ALU.srcs/constrs_1/new/contraints.xdc:1]
Resolution: A valid start point is a main or generated clock pin or port, a clock pin of a sequential cell, or a primary input or inout port. Please validate that all the objects returned by your query belong to this list.
WARNING: [Constraints 18-402] set_max_delay: 'result[25]' is not a valid startpoint. [C:/Users/David/FPGA/ALU/ALU.srcs/constrs_1/new/contraints.xdc:1]
Resolution: A valid start point is a main or generated clock pin or port, a clock pin of a sequential cell, or a primary input or inout port. Please validate that all the objects returned by your query belong to this list.
WARNING: [Constraints 18-402] set_max_delay: 'result[26]' is not a valid startpoint. [C:/Users/David/FPGA/ALU/ALU.srcs/constrs_1/new/contraints.xdc:1]
Resolution: A valid start point is a main or generated clock pin or port, a clock pin of a sequential cell, or a primary input or inout port. Please validate that all the objects returned by your query belong to this list.
WARNING: [Constraints 18-402] set_max_delay: 'result[27]' is not a valid startpoint. [C:/Users/David/FPGA/ALU/ALU.srcs/constrs_1/new/contraints.xdc:1]
Resolution: A valid start point is a main or generated clock pin or port, a clock pin of a sequential cell, or a primary input or inout port. Please validate that all the objects returned by your query belong to this list.
WARNING: [Constraints 18-402] set_max_delay: 'result[28]' is not a valid startpoint. [C:/Users/David/FPGA/ALU/ALU.srcs/constrs_1/new/contraints.xdc:1]
Resolution: A valid start point is a main or generated clock pin or port, a clock pin of a sequential cell, or a primary input or inout port. Please validate that all the objects returned by your query belong to this list.
WARNING: [Constraints 18-402] set_max_delay: 'result[29]' is not a valid startpoint. [C:/Users/David/FPGA/ALU/ALU.srcs/constrs_1/new/contraints.xdc:1]
Resolution: A valid start point is a main or generated clock pin or port, a clock pin of a sequential cell, or a primary input or inout port. Please validate that all the objects returned by your query belong to this list.
WARNING: [Constraints 18-402] set_max_delay: 'result[2]' is not a valid startpoint. [C:/Users/David/FPGA/ALU/ALU.srcs/constrs_1/new/contraints.xdc:1]
Resolution: A valid start point is a main or generated clock pin or port, a clock pin of a sequential cell, or a primary input or inout port. Please validate that all the objects returned by your query belong to this list.
WARNING: [Constraints 18-402] set_max_delay: 'result[30]' is not a valid startpoint. [C:/Users/David/FPGA/ALU/ALU.srcs/constrs_1/new/contraints.xdc:1]
Resolution: A valid start point is a main or generated clock pin or port, a clock pin of a sequential cell, or a primary input or inout port. Please validate that all the objects returned by your query belong to this list.
WARNING: [Constraints 18-402] set_max_delay: 'result[31]' is not a valid startpoint. [C:/Users/David/FPGA/ALU/ALU.srcs/constrs_1/new/contraints.xdc:1]
Resolution: A valid start point is a main or generated clock pin or port, a clock pin of a sequential cell, or a primary input or inout port. Please validate that all the objects returned by your query belong to this list.
WARNING: [Constraints 18-402] set_max_delay: 'result[3]' is not a valid startpoint. [C:/Users/David/FPGA/ALU/ALU.srcs/constrs_1/new/contraints.xdc:1]
Resolution: A valid start point is a main or generated clock pin or port, a clock pin of a sequential cell, or a primary input or inout port. Please validate that all the objects returned by your query belong to this list.
WARNING: [Constraints 18-402] set_max_delay: 'result[4]' is not a valid startpoint. [C:/Users/David/FPGA/ALU/ALU.srcs/constrs_1/new/contraints.xdc:1]
Resolution: A valid start point is a main or generated clock pin or port, a clock pin of a sequential cell, or a primary input or inout port. Please validate that all the objects returned by your query belong to this list.
WARNING: [Constraints 18-402] set_max_delay: 'result[5]' is not a valid startpoint. [C:/Users/David/FPGA/ALU/ALU.srcs/constrs_1/new/contraints.xdc:1]
Resolution: A valid start point is a main or generated clock pin or port, a clock pin of a sequential cell, or a primary input or inout port. Please validate that all the objects returned by your query belong to this list.
WARNING: [Constraints 18-402] set_max_delay: 'result[6]' is not a valid startpoint. [C:/Users/David/FPGA/ALU/ALU.srcs/constrs_1/new/contraints.xdc:1]
Resolution: A valid start point is a main or generated clock pin or port, a clock pin of a sequential cell, or a primary input or inout port. Please validate that all the objects returned by your query belong to this list.
WARNING: [Constraints 18-402] set_max_delay: 'result[7]' is not a valid startpoint. [C:/Users/David/FPGA/ALU/ALU.srcs/constrs_1/new/contraints.xdc:1]
Resolution: A valid start point is a main or generated clock pin or port, a clock pin of a sequential cell, or a primary input or inout port. Please validate that all the objects returned by your query belong to this list.
WARNING: [Constraints 18-402] set_max_delay: 'result[8]' is not a valid startpoint. [C:/Users/David/FPGA/ALU/ALU.srcs/constrs_1/new/contraints.xdc:1]
Resolution: A valid start point is a main or generated clock pin or port, a clock pin of a sequential cell, or a primary input or inout port. Please validate that all the objects returned by your query belong to this list.
WARNING: [Constraints 18-402] set_max_delay: 'result[9]' is not a valid startpoint. [C:/Users/David/FPGA/ALU/ALU.srcs/constrs_1/new/contraints.xdc:1]
Resolution: A valid start point is a main or generated clock pin or port, a clock pin of a sequential cell, or a primary input or inout port. Please validate that all the objects returned by your query belong to this list.
WARNING: [Constraints 18-402] set_max_delay: 'zero' is not a valid startpoint. [C:/Users/David/FPGA/ALU/ALU.srcs/constrs_1/new/contraints.xdc:1]
Resolution: A valid start point is a main or generated clock pin or port, a clock pin of a sequential cell, or a primary input or inout port. Please validate that all the objects returned by your query belong to this list.
WARNING: [Constraints 18-401] set_max_delay: 'A[0]' is not a valid endpoint. [C:/Users/David/FPGA/ALU/ALU.srcs/constrs_1/new/contraints.xdc:1]
Resolution: A valid end point is a data pin of a sequential cell or a primary output or inout port. Please validate that all the objects returned by your query belong to this list.
WARNING: [Constraints 18-401] set_max_delay: 'A[10]' is not a valid endpoint. [C:/Users/David/FPGA/ALU/ALU.srcs/constrs_1/new/contraints.xdc:1]
Resolution: A valid end point is a data pin of a sequential cell or a primary output or inout port. Please validate that all the objects returned by your query belong to this list.
WARNING: [Constraints 18-401] set_max_delay: 'A[11]' is not a valid endpoint. [C:/Users/David/FPGA/ALU/ALU.srcs/constrs_1/new/contraints.xdc:1]
Resolution: A valid end point is a data pin of a sequential cell or a primary output or inout port. Please validate that all the objects returned by your query belong to this list.
WARNING: [Constraints 18-401] set_max_delay: 'A[12]' is not a valid endpoint. [C:/Users/David/FPGA/ALU/ALU.srcs/constrs_1/new/contraints.xdc:1]
Resolution: A valid end point is a data pin of a sequential cell or a primary output or inout port. Please validate that all the objects returned by your query belong to this list.
WARNING: [Constraints 18-401] set_max_delay: 'A[13]' is not a valid endpoint. [C:/Users/David/FPGA/ALU/ALU.srcs/constrs_1/new/contraints.xdc:1]
Resolution: A valid end point is a data pin of a sequential cell or a primary output or inout port. Please validate that all the objects returned by your query belong to this list.
WARNING: [Constraints 18-401] set_max_delay: 'A[14]' is not a valid endpoint. [C:/Users/David/FPGA/ALU/ALU.srcs/constrs_1/new/contraints.xdc:1]
Resolution: A valid end point is a data pin of a sequential cell or a primary output or inout port. Please validate that all the objects returned by your query belong to this list.
WARNING: [Constraints 18-401] set_max_delay: 'A[15]' is not a valid endpoint. [C:/Users/David/FPGA/ALU/ALU.srcs/constrs_1/new/contraints.xdc:1]
Resolution: A valid end point is a data pin of a sequential cell or a primary output or inout port. Please validate that all the objects returned by your query belong to this list.
WARNING: [Constraints 18-401] set_max_delay: 'A[16]' is not a valid endpoint. [C:/Users/David/FPGA/ALU/ALU.srcs/constrs_1/new/contraints.xdc:1]
Resolution: A valid end point is a data pin of a sequential cell or a primary output or inout port. Please validate that all the objects returned by your query belong to this list.
WARNING: [Constraints 18-401] set_max_delay: 'A[17]' is not a valid endpoint. [C:/Users/David/FPGA/ALU/ALU.srcs/constrs_1/new/contraints.xdc:1]
Resolution: A valid end point is a data pin of a sequential cell or a primary output or inout port. Please validate that all the objects returned by your query belong to this list.
WARNING: [Constraints 18-401] set_max_delay: 'A[18]' is not a valid endpoint. [C:/Users/David/FPGA/ALU/ALU.srcs/constrs_1/new/contraints.xdc:1]
Resolution: A valid end point is a data pin of a sequential cell or a primary output or inout port. Please validate that all the objects returned by your query belong to this list.
WARNING: [Constraints 18-401] set_max_delay: 'A[19]' is not a valid endpoint. [C:/Users/David/FPGA/ALU/ALU.srcs/constrs_1/new/contraints.xdc:1]
Resolution: A valid end point is a data pin of a sequential cell or a primary output or inout port. Please validate that all the objects returned by your query belong to this list.
WARNING: [Constraints 18-401] set_max_delay: 'A[1]' is not a valid endpoint. [C:/Users/David/FPGA/ALU/ALU.srcs/constrs_1/new/contraints.xdc:1]
Resolution: A valid end point is a data pin of a sequential cell or a primary output or inout port. Please validate that all the objects returned by your query belong to this list.
WARNING: [Constraints 18-401] set_max_delay: 'A[20]' is not a valid endpoint. [C:/Users/David/FPGA/ALU/ALU.srcs/constrs_1/new/contraints.xdc:1]
Resolution: A valid end point is a data pin of a sequential cell or a primary output or inout port. Please validate that all the objects returned by your query belong to this list.
WARNING: [Constraints 18-401] set_max_delay: 'A[21]' is not a valid endpoint. [C:/Users/David/FPGA/ALU/ALU.srcs/constrs_1/new/contraints.xdc:1]
Resolution: A valid end point is a data pin of a sequential cell or a primary output or inout port. Please validate that all the objects returned by your query belong to this list.
WARNING: [Constraints 18-401] set_max_delay: 'A[22]' is not a valid endpoint. [C:/Users/David/FPGA/ALU/ALU.srcs/constrs_1/new/contraints.xdc:1]
Resolution: A valid end point is a data pin of a sequential cell or a primary output or inout port. Please validate that all the objects returned by your query belong to this list.
WARNING: [Constraints 18-401] set_max_delay: 'A[23]' is not a valid endpoint. [C:/Users/David/FPGA/ALU/ALU.srcs/constrs_1/new/contraints.xdc:1]
Resolution: A valid end point is a data pin of a sequential cell or a primary output or inout port. Please validate that all the objects returned by your query belong to this list.
WARNING: [Constraints 18-401] set_max_delay: 'A[24]' is not a valid endpoint. [C:/Users/David/FPGA/ALU/ALU.srcs/constrs_1/new/contraints.xdc:1]
Resolution: A valid end point is a data pin of a sequential cell or a primary output or inout port. Please validate that all the objects returned by your query belong to this list.
WARNING: [Constraints 18-401] set_max_delay: 'A[25]' is not a valid endpoint. [C:/Users/David/FPGA/ALU/ALU.srcs/constrs_1/new/contraints.xdc:1]
Resolution: A valid end point is a data pin of a sequential cell or a primary output or inout port. Please validate that all the objects returned by your query belong to this list.
WARNING: [Constraints 18-401] set_max_delay: 'A[26]' is not a valid endpoint. [C:/Users/David/FPGA/ALU/ALU.srcs/constrs_1/new/contraints.xdc:1]
Resolution: A valid end point is a data pin of a sequential cell or a primary output or inout port. Please validate that all the objects returned by your query belong to this list.
WARNING: [Constraints 18-401] set_max_delay: 'A[27]' is not a valid endpoint. [C:/Users/David/FPGA/ALU/ALU.srcs/constrs_1/new/contraints.xdc:1]
Resolution: A valid end point is a data pin of a sequential cell or a primary output or inout port. Please validate that all the objects returned by your query belong to this list.
WARNING: [Constraints 18-401] set_max_delay: 'A[28]' is not a valid endpoint. [C:/Users/David/FPGA/ALU/ALU.srcs/constrs_1/new/contraints.xdc:1]
Resolution: A valid end point is a data pin of a sequential cell or a primary output or inout port. Please validate that all the objects returned by your query belong to this list.
WARNING: [Constraints 18-401] set_max_delay: 'A[29]' is not a valid endpoint. [C:/Users/David/FPGA/ALU/ALU.srcs/constrs_1/new/contraints.xdc:1]
Resolution: A valid end point is a data pin of a sequential cell or a primary output or inout port. Please validate that all the objects returned by your query belong to this list.
WARNING: [Constraints 18-401] set_max_delay: 'A[2]' is not a valid endpoint. [C:/Users/David/FPGA/ALU/ALU.srcs/constrs_1/new/contraints.xdc:1]
Resolution: A valid end point is a data pin of a sequential cell or a primary output or inout port. Please validate that all the objects returned by your query belong to this list.
WARNING: [Constraints 18-401] set_max_delay: 'A[30]' is not a valid endpoint. [C:/Users/David/FPGA/ALU/ALU.srcs/constrs_1/new/contraints.xdc:1]
Resolution: A valid end point is a data pin of a sequential cell or a primary output or inout port. Please validate that all the objects returned by your query belong to this list.
WARNING: [Constraints 18-401] set_max_delay: 'A[31]' is not a valid endpoint. [C:/Users/David/FPGA/ALU/ALU.srcs/constrs_1/new/contraints.xdc:1]
Resolution: A valid end point is a data pin of a sequential cell or a primary output or inout port. Please validate that all the objects returned by your query belong to this list.
WARNING: [Constraints 18-401] set_max_delay: 'A[3]' is not a valid endpoint. [C:/Users/David/FPGA/ALU/ALU.srcs/constrs_1/new/contraints.xdc:1]
Resolution: A valid end point is a data pin of a sequential cell or a primary output or inout port. Please validate that all the objects returned by your query belong to this list.
WARNING: [Constraints 18-401] set_max_delay: 'A[4]' is not a valid endpoint. [C:/Users/David/FPGA/ALU/ALU.srcs/constrs_1/new/contraints.xdc:1]
Resolution: A valid end point is a data pin of a sequential cell or a primary output or inout port. Please validate that all the objects returned by your query belong to this list.
WARNING: [Constraints 18-401] set_max_delay: 'A[5]' is not a valid endpoint. [C:/Users/David/FPGA/ALU/ALU.srcs/constrs_1/new/contraints.xdc:1]
Resolution: A valid end point is a data pin of a sequential cell or a primary output or inout port. Please validate that all the objects returned by your query belong to this list.
WARNING: [Constraints 18-401] set_max_delay: 'A[6]' is not a valid endpoint. [C:/Users/David/FPGA/ALU/ALU.srcs/constrs_1/new/contraints.xdc:1]
Resolution: A valid end point is a data pin of a sequential cell or a primary output or inout port. Please validate that all the objects returned by your query belong to this list.
WARNING: [Constraints 18-401] set_max_delay: 'A[7]' is not a valid endpoint. [C:/Users/David/FPGA/ALU/ALU.srcs/constrs_1/new/contraints.xdc:1]
Resolution: A valid end point is a data pin of a sequential cell or a primary output or inout port. Please validate that all the objects returned by your query belong to this list.
WARNING: [Constraints 18-401] set_max_delay: 'A[8]' is not a valid endpoint. [C:/Users/David/FPGA/ALU/ALU.srcs/constrs_1/new/contraints.xdc:1]
Resolution: A valid end point is a data pin of a sequential cell or a primary output or inout port. Please validate that all the objects returned by your query belong to this list.
WARNING: [Constraints 18-401] set_max_delay: 'A[9]' is not a valid endpoint. [C:/Users/David/FPGA/ALU/ALU.srcs/constrs_1/new/contraints.xdc:1]
Resolution: A valid end point is a data pin of a sequential cell or a primary output or inout port. Please validate that all the objects returned by your query belong to this list.
WARNING: [Constraints 18-401] set_max_delay: 'B[0]' is not a valid endpoint. [C:/Users/David/FPGA/ALU/ALU.srcs/constrs_1/new/contraints.xdc:1]
Resolution: A valid end point is a data pin of a sequential cell or a primary output or inout port. Please validate that all the objects returned by your query belong to this list.
WARNING: [Constraints 18-401] set_max_delay: 'B[10]' is not a valid endpoint. [C:/Users/David/FPGA/ALU/ALU.srcs/constrs_1/new/contraints.xdc:1]
Resolution: A valid end point is a data pin of a sequential cell or a primary output or inout port. Please validate that all the objects returned by your query belong to this list.
WARNING: [Constraints 18-401] set_max_delay: 'B[11]' is not a valid endpoint. [C:/Users/David/FPGA/ALU/ALU.srcs/constrs_1/new/contraints.xdc:1]
Resolution: A valid end point is a data pin of a sequential cell or a primary output or inout port. Please validate that all the objects returned by your query belong to this list.
WARNING: [Constraints 18-401] set_max_delay: 'B[12]' is not a valid endpoint. [C:/Users/David/FPGA/ALU/ALU.srcs/constrs_1/new/contraints.xdc:1]
Resolution: A valid end point is a data pin of a sequential cell or a primary output or inout port. Please validate that all the objects returned by your query belong to this list.
WARNING: [Constraints 18-401] set_max_delay: 'B[13]' is not a valid endpoint. [C:/Users/David/FPGA/ALU/ALU.srcs/constrs_1/new/contraints.xdc:1]
Resolution: A valid end point is a data pin of a sequential cell or a primary output or inout port. Please validate that all the objects returned by your query belong to this list.
WARNING: [Constraints 18-401] set_max_delay: 'B[14]' is not a valid endpoint. [C:/Users/David/FPGA/ALU/ALU.srcs/constrs_1/new/contraints.xdc:1]
Resolution: A valid end point is a data pin of a sequential cell or a primary output or inout port. Please validate that all the objects returned by your query belong to this list.
WARNING: [Constraints 18-401] set_max_delay: 'B[15]' is not a valid endpoint. [C:/Users/David/FPGA/ALU/ALU.srcs/constrs_1/new/contraints.xdc:1]
Resolution: A valid end point is a data pin of a sequential cell or a primary output or inout port. Please validate that all the objects returned by your query belong to this list.
WARNING: [Constraints 18-401] set_max_delay: 'B[16]' is not a valid endpoint. [C:/Users/David/FPGA/ALU/ALU.srcs/constrs_1/new/contraints.xdc:1]
Resolution: A valid end point is a data pin of a sequential cell or a primary output or inout port. Please validate that all the objects returned by your query belong to this list.
WARNING: [Constraints 18-401] set_max_delay: 'B[17]' is not a valid endpoint. [C:/Users/David/FPGA/ALU/ALU.srcs/constrs_1/new/contraints.xdc:1]
Resolution: A valid end point is a data pin of a sequential cell or a primary output or inout port. Please validate that all the objects returned by your query belong to this list.
WARNING: [Constraints 18-401] set_max_delay: 'B[18]' is not a valid endpoint. [C:/Users/David/FPGA/ALU/ALU.srcs/constrs_1/new/contraints.xdc:1]
Resolution: A valid end point is a data pin of a sequential cell or a primary output or inout port. Please validate that all the objects returned by your query belong to this list.
WARNING: [Constraints 18-401] set_max_delay: 'B[19]' is not a valid endpoint. [C:/Users/David/FPGA/ALU/ALU.srcs/constrs_1/new/contraints.xdc:1]
Resolution: A valid end point is a data pin of a sequential cell or a primary output or inout port. Please validate that all the objects returned by your query belong to this list.
WARNING: [Constraints 18-401] set_max_delay: 'B[1]' is not a valid endpoint. [C:/Users/David/FPGA/ALU/ALU.srcs/constrs_1/new/contraints.xdc:1]
Resolution: A valid end point is a data pin of a sequential cell or a primary output or inout port. Please validate that all the objects returned by your query belong to this list.
WARNING: [Constraints 18-401] set_max_delay: 'B[20]' is not a valid endpoint. [C:/Users/David/FPGA/ALU/ALU.srcs/constrs_1/new/contraints.xdc:1]
Resolution: A valid end point is a data pin of a sequential cell or a primary output or inout port. Please validate that all the objects returned by your query belong to this list.
WARNING: [Constraints 18-401] set_max_delay: 'B[21]' is not a valid endpoint. [C:/Users/David/FPGA/ALU/ALU.srcs/constrs_1/new/contraints.xdc:1]
Resolution: A valid end point is a data pin of a sequential cell or a primary output or inout port. Please validate that all the objects returned by your query belong to this list.
WARNING: [Constraints 18-401] set_max_delay: 'B[22]' is not a valid endpoint. [C:/Users/David/FPGA/ALU/ALU.srcs/constrs_1/new/contraints.xdc:1]
Resolution: A valid end point is a data pin of a sequential cell or a primary output or inout port. Please validate that all the objects returned by your query belong to this list.
WARNING: [Constraints 18-401] set_max_delay: 'B[23]' is not a valid endpoint. [C:/Users/David/FPGA/ALU/ALU.srcs/constrs_1/new/contraints.xdc:1]
Resolution: A valid end point is a data pin of a sequential cell or a primary output or inout port. Please validate that all the objects returned by your query belong to this list.
WARNING: [Constraints 18-401] set_max_delay: 'B[24]' is not a valid endpoint. [C:/Users/David/FPGA/ALU/ALU.srcs/constrs_1/new/contraints.xdc:1]
Resolution: A valid end point is a data pin of a sequential cell or a primary output or inout port. Please validate that all the objects returned by your query belong to this list.
WARNING: [Constraints 18-401] set_max_delay: 'B[25]' is not a valid endpoint. [C:/Users/David/FPGA/ALU/ALU.srcs/constrs_1/new/contraints.xdc:1]
Resolution: A valid end point is a data pin of a sequential cell or a primary output or inout port. Please validate that all the objects returned by your query belong to this list.
WARNING: [Constraints 18-401] set_max_delay: 'B[26]' is not a valid endpoint. [C:/Users/David/FPGA/ALU/ALU.srcs/constrs_1/new/contraints.xdc:1]
Resolution: A valid end point is a data pin of a sequential cell or a primary output or inout port. Please validate that all the objects returned by your query belong to this list.
WARNING: [Constraints 18-401] set_max_delay: 'B[27]' is not a valid endpoint. [C:/Users/David/FPGA/ALU/ALU.srcs/constrs_1/new/contraints.xdc:1]
Resolution: A valid end point is a data pin of a sequential cell or a primary output or inout port. Please validate that all the objects returned by your query belong to this list.
WARNING: [Constraints 18-401] set_max_delay: 'B[28]' is not a valid endpoint. [C:/Users/David/FPGA/ALU/ALU.srcs/constrs_1/new/contraints.xdc:1]
Resolution: A valid end point is a data pin of a sequential cell or a primary output or inout port. Please validate that all the objects returned by your query belong to this list.
WARNING: [Constraints 18-401] set_max_delay: 'B[29]' is not a valid endpoint. [C:/Users/David/FPGA/ALU/ALU.srcs/constrs_1/new/contraints.xdc:1]
Resolution: A valid end point is a data pin of a sequential cell or a primary output or inout port. Please validate that all the objects returned by your query belong to this list.
WARNING: [Constraints 18-401] set_max_delay: 'B[2]' is not a valid endpoint. [C:/Users/David/FPGA/ALU/ALU.srcs/constrs_1/new/contraints.xdc:1]
Resolution: A valid end point is a data pin of a sequential cell or a primary output or inout port. Please validate that all the objects returned by your query belong to this list.
WARNING: [Constraints 18-401] set_max_delay: 'B[30]' is not a valid endpoint. [C:/Users/David/FPGA/ALU/ALU.srcs/constrs_1/new/contraints.xdc:1]
Resolution: A valid end point is a data pin of a sequential cell or a primary output or inout port. Please validate that all the objects returned by your query belong to this list.
WARNING: [Constraints 18-401] set_max_delay: 'B[31]' is not a valid endpoint. [C:/Users/David/FPGA/ALU/ALU.srcs/constrs_1/new/contraints.xdc:1]
Resolution: A valid end point is a data pin of a sequential cell or a primary output or inout port. Please validate that all the objects returned by your query belong to this list.
WARNING: [Constraints 18-401] set_max_delay: 'B[3]' is not a valid endpoint. [C:/Users/David/FPGA/ALU/ALU.srcs/constrs_1/new/contraints.xdc:1]
Resolution: A valid end point is a data pin of a sequential cell or a primary output or inout port. Please validate that all the objects returned by your query belong to this list.
WARNING: [Constraints 18-401] set_max_delay: 'B[4]' is not a valid endpoint. [C:/Users/David/FPGA/ALU/ALU.srcs/constrs_1/new/contraints.xdc:1]
Resolution: A valid end point is a data pin of a sequential cell or a primary output or inout port. Please validate that all the objects returned by your query belong to this list.
WARNING: [Constraints 18-401] set_max_delay: 'B[5]' is not a valid endpoint. [C:/Users/David/FPGA/ALU/ALU.srcs/constrs_1/new/contraints.xdc:1]
Resolution: A valid end point is a data pin of a sequential cell or a primary output or inout port. Please validate that all the objects returned by your query belong to this list.
WARNING: [Constraints 18-401] set_max_delay: 'B[6]' is not a valid endpoint. [C:/Users/David/FPGA/ALU/ALU.srcs/constrs_1/new/contraints.xdc:1]
Resolution: A valid end point is a data pin of a sequential cell or a primary output or inout port. Please validate that all the objects returned by your query belong to this list.
WARNING: [Constraints 18-401] set_max_delay: 'B[7]' is not a valid endpoint. [C:/Users/David/FPGA/ALU/ALU.srcs/constrs_1/new/contraints.xdc:1]
Resolution: A valid end point is a data pin of a sequential cell or a primary output or inout port. Please validate that all the objects returned by your query belong to this list.
WARNING: [Constraints 18-401] set_max_delay: 'B[8]' is not a valid endpoint. [C:/Users/David/FPGA/ALU/ALU.srcs/constrs_1/new/contraints.xdc:1]
Resolution: A valid end point is a data pin of a sequential cell or a primary output or inout port. Please validate that all the objects returned by your query belong to this list.
WARNING: [Constraints 18-401] set_max_delay: 'B[9]' is not a valid endpoint. [C:/Users/David/FPGA/ALU/ALU.srcs/constrs_1/new/contraints.xdc:1]
Resolution: A valid end point is a data pin of a sequential cell or a primary output or inout port. Please validate that all the objects returned by your query belong to this list.
WARNING: [Constraints 18-401] set_max_delay: 'aluOp[0]' is not a valid endpoint. [C:/Users/David/FPGA/ALU/ALU.srcs/constrs_1/new/contraints.xdc:1]
Resolution: A valid end point is a data pin of a sequential cell or a primary output or inout port. Please validate that all the objects returned by your query belong to this list.
WARNING: [Constraints 18-401] set_max_delay: 'aluOp[1]' is not a valid endpoint. [C:/Users/David/FPGA/ALU/ALU.srcs/constrs_1/new/contraints.xdc:1]
Resolution: A valid end point is a data pin of a sequential cell or a primary output or inout port. Please validate that all the objects returned by your query belong to this list.
WARNING: [Constraints 18-401] set_max_delay: 'aluOp[2]' is not a valid endpoint. [C:/Users/David/FPGA/ALU/ALU.srcs/constrs_1/new/contraints.xdc:1]
Resolution: A valid end point is a data pin of a sequential cell or a primary output or inout port. Please validate that all the objects returned by your query belong to this list.
WARNING: [Constraints 18-401] set_max_delay: 'aluOp[3]' is not a valid endpoint. [C:/Users/David/FPGA/ALU/ALU.srcs/constrs_1/new/contraints.xdc:1]
Resolution: A valid end point is a data pin of a sequential cell or a primary output or inout port. Please validate that all the objects returned by your query belong to this list.
Finished Parsing XDC File [C:/Users/David/FPGA/ALU/ALU.srcs/constrs_1/new/contraints.xdc]
Completed Processing XDC Constraints

Netlist sorting complete. Time (s): cpu = 00:00:00 ; elapsed = 00:00:00.001 . Memory (MB): peak = 683.641 ; gain = 0.000
INFO: [Project 1-111] Unisim Transformation Summary:
No Unisim elements were transformed.

Netlist sorting complete. Time (s): cpu = 00:00:00 ; elapsed = 00:00:00 . Memory (MB): peak = 683.641 ; gain = 0.000
Constraint Validation Runtime : Time (s): cpu = 00:00:00 ; elapsed = 00:00:00.003 . Memory (MB): peak = 683.641 ; gain = 0.000
---------------------------------------------------------------------------------
Finished Constraint Validation : Time (s): cpu = 00:00:08 ; elapsed = 00:00:10 . Memory (MB): peak = 683.641 ; gain = 416.605
---------------------------------------------------------------------------------
---------------------------------------------------------------------------------
Start Loading Part and Timing Information
---------------------------------------------------------------------------------
Loading part: xc7a35tcpg236-1
---------------------------------------------------------------------------------
Finished Loading Part and Timing Information : Time (s): cpu = 00:00:08 ; elapsed = 00:00:10 . Memory (MB): peak = 683.641 ; gain = 416.605
---------------------------------------------------------------------------------
---------------------------------------------------------------------------------
Start Applying 'set_property' XDC Constraints
---------------------------------------------------------------------------------
---------------------------------------------------------------------------------
Finished applying 'set_property' XDC Constraints : Time (s): cpu = 00:00:08 ; elapsed = 00:00:10 . Memory (MB): peak = 683.641 ; gain = 416.605
---------------------------------------------------------------------------------
INFO: [Synth 8-5545] ROM "zero" won't be mapped to RAM because address size (32) is larger than maximum supported(25)
---------------------------------------------------------------------------------
Finished RTL Optimization Phase 2 : Time (s): cpu = 00:00:09 ; elapsed = 00:00:10 . Memory (MB): peak = 683.641 ; gain = 416.605
---------------------------------------------------------------------------------

Report RTL Partitions: 
+-+--------------+------------+----------+
| |RTL Partition |Replication |Instances |
+-+--------------+------------+----------+
+-+--------------+------------+----------+
---------------------------------------------------------------------------------
Start RTL Component Statistics 
---------------------------------------------------------------------------------
Detailed RTL Component Info : 
+---Adders : 
	   2 Input     32 Bit       Adders := 1     
	   3 Input     32 Bit       Adders := 1     
+---XORs : 
	   2 Input     32 Bit         XORs := 1     
+---Muxes : 
	   2 Input      1 Bit        Muxes := 1     
---------------------------------------------------------------------------------
Finished RTL Component Statistics 
---------------------------------------------------------------------------------
---------------------------------------------------------------------------------
Start RTL Hierarchical Component Statistics 
---------------------------------------------------------------------------------
Hierarchical RTL Component report 
Module ALU 
Detailed RTL Component Info : 
+---Muxes : 
	   2 Input      1 Bit        Muxes := 1     
Module ADD 
Detailed RTL Component Info : 
+---Adders : 
	   2 Input     32 Bit       Adders := 1     
Module SUB 
Detailed RTL Component Info : 
+---Adders : 
	   3 Input     32 Bit       Adders := 1     
Module XOR 
Detailed RTL Component Info : 
+---XORs : 
	   2 Input     32 Bit         XORs := 1     
---------------------------------------------------------------------------------
Finished RTL Hierarchical Component Statistics
---------------------------------------------------------------------------------
---------------------------------------------------------------------------------
Start Part Resource Summary
---------------------------------------------------------------------------------
Part Resources:
DSPs: 90 (col length:60)
BRAMs: 100 (col length: RAMB18 60 RAMB36 30)
---------------------------------------------------------------------------------
Finished Part Resource Summary
---------------------------------------------------------------------------------
---------------------------------------------------------------------------------
Start Cross Boundary and Area Optimization
---------------------------------------------------------------------------------
Warning: Parallel synthesis criteria is not met 
INFO: [Synth 8-5545] ROM "zero" won't be mapped to RAM because address size (32) is larger than maximum supported(25)
---------------------------------------------------------------------------------
Finished Cross Boundary and Area Optimization : Time (s): cpu = 00:00:10 ; elapsed = 00:00:11 . Memory (MB): peak = 683.641 ; gain = 416.605
---------------------------------------------------------------------------------

Report RTL Partitions: 
+-+--------------+------------+----------+
| |RTL Partition |Replication |Instances |
+-+--------------+------------+----------+
+-+--------------+------------+----------+
---------------------------------------------------------------------------------
Start Applying XDC Timing Constraints
---------------------------------------------------------------------------------
---------------------------------------------------------------------------------
Finished Applying XDC Timing Constraints : Time (s): cpu = 00:00:16 ; elapsed = 00:00:18 . Memory (MB): peak = 716.637 ; gain = 449.602
---------------------------------------------------------------------------------
---------------------------------------------------------------------------------
Start Timing Optimization
---------------------------------------------------------------------------------
---------------------------------------------------------------------------------
Finished Timing Optimization : Time (s): cpu = 00:00:16 ; elapsed = 00:00:18 . Memory (MB): peak = 716.859 ; gain = 449.824
---------------------------------------------------------------------------------

Report RTL Partitions: 
+-+--------------+------------+----------+
| |RTL Partition |Replication |Instances |
+-+--------------+------------+----------+
+-+--------------+------------+----------+
---------------------------------------------------------------------------------
Start Technology Mapping
---------------------------------------------------------------------------------
---------------------------------------------------------------------------------
Finished Technology Mapping : Time (s): cpu = 00:00:16 ; elapsed = 00:00:18 . Memory (MB): peak = 734.508 ; gain = 467.473
---------------------------------------------------------------------------------

Report RTL Partitions: 
+-+--------------+------------+----------+
| |RTL Partition |Replication |Instances |
+-+--------------+------------+----------+
+-+--------------+------------+----------+
---------------------------------------------------------------------------------
Start IO Insertion
---------------------------------------------------------------------------------
---------------------------------------------------------------------------------
Start Flattening Before IO Insertion
---------------------------------------------------------------------------------
---------------------------------------------------------------------------------
Finished Flattening Before IO Insertion
---------------------------------------------------------------------------------
---------------------------------------------------------------------------------
Start Final Netlist Cleanup
---------------------------------------------------------------------------------
---------------------------------------------------------------------------------
Finished Final Netlist Cleanup
---------------------------------------------------------------------------------
---------------------------------------------------------------------------------
Finished IO Insertion : Time (s): cpu = 00:00:17 ; elapsed = 00:00:19 . Memory (MB): peak = 734.508 ; gain = 467.473
---------------------------------------------------------------------------------

Report Check Netlist: 
+------+------------------+-------+---------+-------+------------------+
|      |Item              |Errors |Warnings |Status |Description       |
+------+------------------+-------+---------+-------+------------------+
|1     |multi_driven_nets |      0|        0|Passed |Multi driven nets |
+------+------------------+-------+---------+-------+------------------+
---------------------------------------------------------------------------------
Start Renaming Generated Instances
---------------------------------------------------------------------------------
---------------------------------------------------------------------------------
Finished Renaming Generated Instances : Time (s): cpu = 00:00:17 ; elapsed = 00:00:19 . Memory (MB): peak = 734.508 ; gain = 467.473
---------------------------------------------------------------------------------

Report RTL Partitions: 
+-+--------------+------------+----------+
| |RTL Partition |Replication |Instances |
+-+--------------+------------+----------+
+-+--------------+------------+----------+
---------------------------------------------------------------------------------
Start Rebuilding User Hierarchy
---------------------------------------------------------------------------------
---------------------------------------------------------------------------------
Finished Rebuilding User Hierarchy : Time (s): cpu = 00:00:17 ; elapsed = 00:00:19 . Memory (MB): peak = 734.508 ; gain = 467.473
---------------------------------------------------------------------------------
---------------------------------------------------------------------------------
Start Renaming Generated Ports
---------------------------------------------------------------------------------
---------------------------------------------------------------------------------
Finished Renaming Generated Ports : Time (s): cpu = 00:00:17 ; elapsed = 00:00:19 . Memory (MB): peak = 734.508 ; gain = 467.473
---------------------------------------------------------------------------------
---------------------------------------------------------------------------------
Start Handling Custom Attributes
---------------------------------------------------------------------------------
---------------------------------------------------------------------------------
Finished Handling Custom Attributes : Time (s): cpu = 00:00:17 ; elapsed = 00:00:19 . Memory (MB): peak = 734.508 ; gain = 467.473
---------------------------------------------------------------------------------
---------------------------------------------------------------------------------
Start Renaming Generated Nets
---------------------------------------------------------------------------------
---------------------------------------------------------------------------------
Finished Renaming Generated Nets : Time (s): cpu = 00:00:17 ; elapsed = 00:00:19 . Memory (MB): peak = 734.508 ; gain = 467.473
---------------------------------------------------------------------------------
---------------------------------------------------------------------------------
Start Writing Synthesis Report
---------------------------------------------------------------------------------

Report BlackBoxes: 
+-+--------------+----------+
| |BlackBox name |Instances |
+-+--------------+----------+
+-+--------------+----------+

Report Cell Usage: 
+------+-------+------+
|      |Cell   |Count |
+------+-------+------+
|1     |CARRY4 |    20|
|2     |LUT2   |    64|
|3     |LUT4   |    44|
|4     |LUT5   |    65|
|5     |LUT6   |    47|
|6     |IBUF   |    68|
|7     |OBUF   |    33|
+------+-------+------+

Report Instance Areas: 
+------+------------+-------+------+
|      |Instance    |Module |Cells |
+------+------------+-------+------+
|1     |top         |       |   341|
|2     |  addModule |ADD    |   111|
|3     |  sltModule |SLT    |    37|
|4     |  subModule |SUB    |    52|
+------+------------+-------+------+
---------------------------------------------------------------------------------
Finished Writing Synthesis Report : Time (s): cpu = 00:00:17 ; elapsed = 00:00:19 . Memory (MB): peak = 734.508 ; gain = 467.473
---------------------------------------------------------------------------------
Synthesis finished with 0 errors, 0 critical warnings and 0 warnings.
Synthesis Optimization Runtime : Time (s): cpu = 00:00:11 ; elapsed = 00:00:14 . Memory (MB): peak = 734.508 ; gain = 177.875
Synthesis Optimization Complete : Time (s): cpu = 00:00:17 ; elapsed = 00:00:19 . Memory (MB): peak = 734.508 ; gain = 467.473
INFO: [Project 1-571] Translating synthesized netlist
INFO: [Netlist 29-17] Analyzing 20 Unisim elements for replacement
INFO: [Netlist 29-28] Unisim Transformation completed in 0 CPU seconds
INFO: [Project 1-570] Preparing netlist for logic optimization
INFO: [Opt 31-138] Pushed 0 inverter(s) to 0 load pin(s).
Netlist sorting complete. Time (s): cpu = 00:00:00 ; elapsed = 00:00:00 . Memory (MB): peak = 736.996 ; gain = 0.000
INFO: [Project 1-111] Unisim Transformation Summary:
No Unisim elements were transformed.

INFO: [Common 17-83] Releasing license: Synthesis
29 Infos, 101 Warnings, 0 Critical Warnings and 0 Errors encountered.
synth_design completed successfully
synth_design: Time (s): cpu = 00:00:19 ; elapsed = 00:00:21 . Memory (MB): peak = 736.996 ; gain = 469.961
Netlist sorting complete. Time (s): cpu = 00:00:00 ; elapsed = 00:00:00 . Memory (MB): peak = 736.996 ; gain = 0.000
WARNING: [Constraints 18-5210] No constraints selected for write.
Resolution: This message can indicate that there are no constraints for the design, or it can indicate that the used_in flags are set such that the constraints are ignored. This later case is used when running synth_design to not write synthesis constraints to the resulting checkpoint. Instead, project constraints are read when the synthesized design is opened.
INFO: [Common 17-1381] The checkpoint 'C:/Users/David/FPGA/ALU/ALU.runs/synth_1/ALU.dcp' has been generated.
INFO: [runtcl-4] Executing : report_utilization -file ALU_utilization_synth.rpt -pb ALU_utilization_synth.pb
INFO: [Common 17-206] Exiting Vivado at Wed Apr  3 23:16:31 2019...
