#-----------------------------------------------------------
# Vivado v2018.3 (64-bit)
# SW Build 2405991 on Thu Dec  6 23:38:27 MST 2018
# IP Build 2404404 on Fri Dec  7 01:43:56 MST 2018
# Start of session at: Fri May 17 00:12:06 2019
# Process ID: 19512
# Current directory: C:/Users/Sven Pfiffner/Desktop/lab9_student
# Command line: vivado.exe -gui_launcher_event rodinguilauncherevent4136 C:\Users\Sven Pfiffner\Desktop\lab9_student\lab_9.xpr
# Log file: C:/Users/Sven Pfiffner/Desktop/lab9_student/vivado.log
# Journal file: C:/Users/Sven Pfiffner/Desktop/lab9_student\vivado.jou
#-----------------------------------------------------------
start_gui
open_project {C:/Users/Sven Pfiffner/Desktop/lab9_student/lab_9.xpr}
Scanning sources...
Finished scanning sources
INFO: [IP_Flow 19-234] Refreshing IP repositories
INFO: [IP_Flow 19-1704] No user IP repositories specified
INFO: [IP_Flow 19-2313] Loaded Vivado IP repository 'C:/Xilinx/Vivado/2018.3/data/ip'.
open_project: Time (s): cpu = 00:00:21 ; elapsed = 00:00:08 . Memory (MB): peak = 759.586 ; gain = 140.344
launch_simulation
INFO: [Vivado 12-5682] Launching behavioral simulation in 'C:/Users/Sven Pfiffner/Desktop/lab9_student/lab_9.sim/sim_1/behav/xsim'
INFO: [SIM-utils-51] Simulation object is 'sim_1'
INFO: [SIM-utils-54] Inspecting design source files for 'MIPS_test' in fileset 'sim_1'...
INFO: [SIM-utils-43] Exported 'C:/Users/Sven Pfiffner/Desktop/lab9_student/lab_9.sim/sim_1/behav/xsim/insmem_h.txt'
INFO: [SIM-utils-43] Exported 'C:/Users/Sven Pfiffner/Desktop/lab9_student/lab_9.sim/sim_1/behav/xsim/datamem_h.txt'
INFO: [USF-XSim-97] Finding global include files...
INFO: [USF-XSim-100] Fetching design files from 'sources_1'...(this may take a while)...
INFO: [USF-XSim-101] Fetching design files from 'sim_1'...
INFO: [USF-XSim-2] XSim::Compile design
INFO: [USF-XSim-61] Executing 'COMPILE and ANALYZE' step in 'C:/Users/Sven Pfiffner/Desktop/lab9_student/lab_9.sim/sim_1/behav/xsim'
"xvlog --incr --relax -prj MIPS_test_vlog.prj"
INFO: [USF-XSim-69] 'compile' step finished in '1' seconds
INFO: [USF-XSim-3] XSim::Elaborate design
INFO: [USF-XSim-61] Executing 'ELABORATE' step in 'C:/Users/Sven Pfiffner/Desktop/lab9_student/lab_9.sim/sim_1/behav/xsim'
Vivado Simulator 2018.3
Copyright 1986-1999, 2001-2018 Xilinx, Inc. All Rights Reserved.
Running: C:/Xilinx/Vivado/2018.3/bin/unwrapped/win64.o/xelab.exe -wto 7e17bd2c72234a3a8aac19d19ed497ee --incr --debug typical --relax --mt 2 -L xil_defaultlib -L unisims_ver -L unimacro_ver -L secureip --snapshot MIPS_test_behav xil_defaultlib.MIPS_test xil_defaultlib.glbl -log elaborate.log 
Using 2 slave threads.
Starting static elaboration
WARNING: [VRFC 10-3091] actual bit length 4 differs from formal bit length 6 for port 'aluop' [C:/Users/Sven Pfiffner/Desktop/lab9_student/MIPS.v:127]
WARNING: [VRFC 10-3091] actual bit length 5 differs from formal bit length 6 for port 'shamt' [C:/Users/Sven Pfiffner/Desktop/lab9_student/MIPS.v:128]
Completed static elaboration
INFO: [XSIM 43-4323] No Change in HDL. Linking previously generated obj files to create kernel
INFO: [USF-XSim-69] 'elaborate' step finished in '2' seconds
INFO: [USF-XSim-4] XSim::Simulate design
INFO: [USF-XSim-61] Executing 'SIMULATE' step in 'C:/Users/Sven Pfiffner/Desktop/lab9_student/lab_9.sim/sim_1/behav/xsim'
INFO: [USF-XSim-98] *** Running xsim
   with args "MIPS_test_behav -key {Behavioral:sim_1:Functional:MIPS_test} -tclbatch {MIPS_test.tcl} -log {simulate.log}"
INFO: [USF-XSim-8] Loading simulator feature
Vivado Simulator 2018.3
Time resolution is 1 ps
source MIPS_test.tcl
# set curr_wave [current_wave_config]
# if { [string length $curr_wave] == 0 } {
#   if { [llength [get_objects]] > 0} {
#     add_wave /
#     set_property needs_save false [current_wave_config]
#   } else {
#      send_msg_id Add_Wave-1 WARNING "No top level signals found. Simulator will start without a wave window. If you want to open a wave window go to 'File->New Waveform Configuration' or type 'create_wave_config' in the TCL console."
#   }
# }
# log_wave -r /
# run 20us
INFO: [USF-XSim-96] XSim completed. Design snapshot 'MIPS_test_behav' loaded.
INFO: [USF-XSim-97] XSim simulation ran for 20us
launch_simulation: Time (s): cpu = 00:00:15 ; elapsed = 00:00:09 . Memory (MB): peak = 841.109 ; gain = 40.715
close_sim
INFO: [Simtcl 6-16] Simulation closed
exit
INFO: [Common 17-206] Exiting Vivado at Fri May 17 00:13:31 2019...
