
*** Running vivado
    with args -log Decoder.vdi -applog -m64 -product Vivado -messageDb vivado.pb -mode batch -source Decoder.tcl -notrace


****** Vivado v2018.3 (64-bit)
  **** SW Build 2405991 on Thu Dec  6 23:38:27 MST 2018
  **** IP Build 2404404 on Fri Dec  7 01:43:56 MST 2018
    ** Copyright 1986-2018 Xilinx, Inc. All Rights Reserved.

source Decoder.tcl -notrace
Command: link_design -top Decoder -part xc7a35tcpg236-1
Design is defaulting to srcset: sources_1
Design is defaulting to constrset: constrs_1
INFO: [Project 1-479] Netlist was created with Vivado 2018.3
INFO: [Device 21-403] Loading part xc7a35tcpg236-1
INFO: [Project 1-570] Preparing netlist for logic optimization
Parsing XDC File [C:/Users/Sven Pfiffner/LabReport1/LabReport1.srcs/constrs_1/new/constraint.xdc]
CRITICAL WARNING: [Designutils 20-1307] Command 'get_ports{a[0]}' is not supported in the xdc constraint file. [C:/Users/Sven Pfiffner/LabReport1/LabReport1.srcs/constrs_1/new/constraint.xdc:1]
CRITICAL WARNING: [Designutils 20-1307] Command 'get_ports{a[1]}' is not supported in the xdc constraint file. [C:/Users/Sven Pfiffner/LabReport1/LabReport1.srcs/constrs_1/new/constraint.xdc:2]
CRITICAL WARNING: [Designutils 20-1307] Command 'get_ports{o[0]}' is not supported in the xdc constraint file. [C:/Users/Sven Pfiffner/LabReport1/LabReport1.srcs/constrs_1/new/constraint.xdc:4]
CRITICAL WARNING: [Designutils 20-1307] Command 'get_ports{o[1]}' is not supported in the xdc constraint file. [C:/Users/Sven Pfiffner/LabReport1/LabReport1.srcs/constrs_1/new/constraint.xdc:5]
CRITICAL WARNING: [Designutils 20-1307] Command 'get_ports{o[2]}' is not supported in the xdc constraint file. [C:/Users/Sven Pfiffner/LabReport1/LabReport1.srcs/constrs_1/new/constraint.xdc:6]
CRITICAL WARNING: [Designutils 20-1307] Command 'get_ports{o[3]}' is not supported in the xdc constraint file. [C:/Users/Sven Pfiffner/LabReport1/LabReport1.srcs/constrs_1/new/constraint.xdc:7]
CRITICAL WARNING: [Designutils 20-1307] Command 'get_ports{a' is not supported in the xdc constraint file. [C:/Users/Sven Pfiffner/LabReport1/LabReport1.srcs/constrs_1/new/constraint.xdc:10]
Finished Parsing XDC File [C:/Users/Sven Pfiffner/LabReport1/LabReport1.srcs/constrs_1/new/constraint.xdc]
INFO: [Opt 31-138] Pushed 0 inverter(s) to 0 load pin(s).
Netlist sorting complete. Time (s): cpu = 00:00:00 ; elapsed = 00:00:00 . Memory (MB): peak = 560.488 ; gain = 0.000
INFO: [Project 1-111] Unisim Transformation Summary:
No Unisim elements were transformed.

5 Infos, 0 Warnings, 7 Critical Warnings and 0 Errors encountered.
link_design completed successfully
link_design: Time (s): cpu = 00:00:07 ; elapsed = 00:00:08 . Memory (MB): peak = 564.500 ; gain = 309.922
Command: opt_design
Attempting to get a license for feature 'Implementation' and/or device 'xc7a35t'
INFO: [Common 17-349] Got license for feature 'Implementation' and/or device 'xc7a35t'
Running DRC as a precondition to command opt_design

Starting DRC Task
INFO: [DRC 23-27] Running DRC with 2 threads
INFO: [Project 1-461] DRC finished with 0 Errors
INFO: [Project 1-462] Please refer to the DRC report (report_drc) for more information.

Time (s): cpu = 00:00:00 ; elapsed = 00:00:00.157 . Memory (MB): peak = 564.500 ; gain = 0.000

Starting Cache Timing Information Task
INFO: [Timing 38-35] Done setting XDC timing constraints.
Ending Cache Timing Information Task | Checksum: 1606759e6

Time (s): cpu = 00:00:12 ; elapsed = 00:00:13 . Memory (MB): peak = 1097.250 ; gain = 532.750

Starting Logic Optimization Task

Phase 1 Retarget
INFO: [Opt 31-138] Pushed 0 inverter(s) to 0 load pin(s).
INFO: [Opt 31-49] Retargeted 0 cell(s).
Phase 1 Retarget | Checksum: 1606759e6

Time (s): cpu = 00:00:00 ; elapsed = 00:00:00.034 . Memory (MB): peak = 1192.816 ; gain = 0.000
INFO: [Opt 31-389] Phase Retarget created 0 cells and removed 0 cells

Phase 2 Constant propagation
INFO: [Opt 31-138] Pushed 0 inverter(s) to 0 load pin(s).
Phase 2 Constant propagation | Checksum: 1606759e6

Time (s): cpu = 00:00:00 ; elapsed = 00:00:00.039 . Memory (MB): peak = 1192.816 ; gain = 0.000
INFO: [Opt 31-389] Phase Constant propagation created 0 cells and removed 0 cells

Phase 3 Sweep
Phase 3 Sweep | Checksum: 1606759e6

Time (s): cpu = 00:00:00 ; elapsed = 00:00:00.044 . Memory (MB): peak = 1192.816 ; gain = 0.000
INFO: [Opt 31-389] Phase Sweep created 0 cells and removed 0 cells

Phase 4 BUFG optimization
Phase 4 BUFG optimization | Checksum: 1606759e6

Time (s): cpu = 00:00:00 ; elapsed = 00:00:00.051 . Memory (MB): peak = 1192.816 ; gain = 0.000
INFO: [Opt 31-662] Phase BUFG optimization created 0 cells of which 0 are BUFGs and removed 0 cells.

Phase 5 Shift Register Optimization
Phase 5 Shift Register Optimization | Checksum: 1606759e6

Time (s): cpu = 00:00:00 ; elapsed = 00:00:00.091 . Memory (MB): peak = 1192.816 ; gain = 0.000
INFO: [Opt 31-389] Phase Shift Register Optimization created 0 cells and removed 0 cells

Phase 6 Post Processing Netlist
Phase 6 Post Processing Netlist | Checksum: 1606759e6

Time (s): cpu = 00:00:00 ; elapsed = 00:00:00.095 . Memory (MB): peak = 1192.816 ; gain = 0.000
INFO: [Opt 31-389] Phase Post Processing Netlist created 0 cells and removed 0 cells
Opt_design Change Summary
=========================


-------------------------------------------------------------------------------------------------------------------------
|  Phase                        |  #Cells created  |  #Cells Removed  |  #Constrained objects preventing optimizations  |
-------------------------------------------------------------------------------------------------------------------------
|  Retarget                     |               0  |               0  |                                              0  |
|  Constant propagation         |               0  |               0  |                                              0  |
|  Sweep                        |               0  |               0  |                                              0  |
|  BUFG optimization            |               0  |               0  |                                              0  |
|  Shift Register Optimization  |               0  |               0  |                                              0  |
|  Post Processing Netlist      |               0  |               0  |                                              0  |
-------------------------------------------------------------------------------------------------------------------------



Starting Connectivity Check Task

Time (s): cpu = 00:00:00 ; elapsed = 00:00:00.001 . Memory (MB): peak = 1192.816 ; gain = 0.000
Ending Logic Optimization Task | Checksum: 1606759e6

Time (s): cpu = 00:00:00 ; elapsed = 00:00:00.102 . Memory (MB): peak = 1192.816 ; gain = 0.000

Starting Power Optimization Task
INFO: [Pwropt 34-132] Skipping clock gating for clocks with a period < 2.00 ns.
Ending Power Optimization Task | Checksum: 1606759e6

Time (s): cpu = 00:00:00 ; elapsed = 00:00:00.044 . Memory (MB): peak = 1192.816 ; gain = 0.000

Starting Final Cleanup Task
Ending Final Cleanup Task | Checksum: 1606759e6

Time (s): cpu = 00:00:00 ; elapsed = 00:00:00 . Memory (MB): peak = 1192.816 ; gain = 0.000

Starting Netlist Obfuscation Task
Netlist sorting complete. Time (s): cpu = 00:00:00 ; elapsed = 00:00:00.001 . Memory (MB): peak = 1192.816 ; gain = 0.000
Ending Netlist Obfuscation Task | Checksum: 1606759e6

Time (s): cpu = 00:00:00 ; elapsed = 00:00:00.001 . Memory (MB): peak = 1192.816 ; gain = 0.000
INFO: [Common 17-83] Releasing license: Implementation
21 Infos, 0 Warnings, 7 Critical Warnings and 0 Errors encountered.
opt_design completed successfully
opt_design: Time (s): cpu = 00:00:14 ; elapsed = 00:00:15 . Memory (MB): peak = 1192.816 ; gain = 628.316
Netlist sorting complete. Time (s): cpu = 00:00:00 ; elapsed = 00:00:00 . Memory (MB): peak = 1192.816 ; gain = 0.000
INFO: [Timing 38-480] Writing timing data to binary archive.
Netlist sorting complete. Time (s): cpu = 00:00:00 ; elapsed = 00:00:00 . Memory (MB): peak = 1192.816 ; gain = 0.000
INFO: [Common 17-1381] The checkpoint 'C:/Users/Sven Pfiffner/LabReport1/LabReport1.runs/impl_1/Decoder_opt.dcp' has been generated.
INFO: [runtcl-4] Executing : report_drc -file Decoder_drc_opted.rpt -pb Decoder_drc_opted.pb -rpx Decoder_drc_opted.rpx
Command: report_drc -file Decoder_drc_opted.rpt -pb Decoder_drc_opted.pb -rpx Decoder_drc_opted.rpx
INFO: [IP_Flow 19-234] Refreshing IP repositories
INFO: [IP_Flow 19-1704] No user IP repositories specified
INFO: [IP_Flow 19-2313] Loaded Vivado IP repository 'C:/Xilinx/Vivado/2018.3/data/ip'.
INFO: [DRC 23-27] Running DRC with 2 threads
INFO: [Coretcl 2-168] The results of DRC are in file C:/Users/Sven Pfiffner/LabReport1/LabReport1.runs/impl_1/Decoder_drc_opted.rpt.
report_drc completed successfully
Command: place_design
Attempting to get a license for feature 'Implementation' and/or device 'xc7a35t'
INFO: [Common 17-349] Got license for feature 'Implementation' and/or device 'xc7a35t'
INFO: [DRC 23-27] Running DRC with 2 threads
INFO: [Vivado_Tcl 4-198] DRC finished with 0 Errors
INFO: [Vivado_Tcl 4-199] Please refer to the DRC report (report_drc) for more information.
Running DRC as a precondition to command place_design
INFO: [DRC 23-27] Running DRC with 2 threads
INFO: [Vivado_Tcl 4-198] DRC finished with 0 Errors
INFO: [Vivado_Tcl 4-199] Please refer to the DRC report (report_drc) for more information.

Starting Placer Task
INFO: [Place 30-611] Multithreading enabled for place_design using a maximum of 2 CPUs

Phase 1 Placer Initialization

Phase 1.1 Placer Initialization Netlist Sorting
Netlist sorting complete. Time (s): cpu = 00:00:00 ; elapsed = 00:00:00 . Memory (MB): peak = 1192.816 ; gain = 0.000
Phase 1.1 Placer Initialization Netlist Sorting | Checksum: e79a0244

Time (s): cpu = 00:00:00 ; elapsed = 00:00:00.020 . Memory (MB): peak = 1192.816 ; gain = 0.000
Netlist sorting complete. Time (s): cpu = 00:00:00 ; elapsed = 00:00:00 . Memory (MB): peak = 1192.816 ; gain = 0.000

Phase 1.2 IO Placement/ Clock Placement/ Build Placer Device
INFO: [Timing 38-35] Done setting XDC timing constraints.
Phase 1.2 IO Placement/ Clock Placement/ Build Placer Device | Checksum: ebdeea32

Time (s): cpu = 00:00:01 ; elapsed = 00:00:00.828 . Memory (MB): peak = 1196.172 ; gain = 3.355

Phase 1.3 Build Placer Netlist Model
Phase 1.3 Build Placer Netlist Model | Checksum: 1734c82e0

Time (s): cpu = 00:00:01 ; elapsed = 00:00:00.914 . Memory (MB): peak = 1196.172 ; gain = 3.355

Phase 1.4 Constrain Clocks/Macros
Phase 1.4 Constrain Clocks/Macros | Checksum: 1734c82e0

Time (s): cpu = 00:00:01 ; elapsed = 00:00:00.919 . Memory (MB): peak = 1196.172 ; gain = 3.355
Phase 1 Placer Initialization | Checksum: 1734c82e0

Time (s): cpu = 00:00:01 ; elapsed = 00:00:00.925 . Memory (MB): peak = 1196.172 ; gain = 3.355

Phase 2 Global Placement

Phase 2.1 Floorplanning
Phase 2.1 Floorplanning | Checksum: 1734c82e0

Time (s): cpu = 00:00:01 ; elapsed = 00:00:00.940 . Memory (MB): peak = 1196.172 ; gain = 3.355
WARNING: [Place 46-29] place_design is not in timing mode. Skip physical synthesis in placer
Phase 2 Global Placement | Checksum: 1b4034897

Time (s): cpu = 00:00:01 ; elapsed = 00:00:01 . Memory (MB): peak = 1198.777 ; gain = 5.961

Phase 3 Detail Placement

Phase 3.1 Commit Multi Column Macros
Phase 3.1 Commit Multi Column Macros | Checksum: 1b4034897

Time (s): cpu = 00:00:01 ; elapsed = 00:00:01 . Memory (MB): peak = 1198.777 ; gain = 5.961

Phase 3.2 Commit Most Macros & LUTRAMs
Phase 3.2 Commit Most Macros & LUTRAMs | Checksum: 17f53711d

Time (s): cpu = 00:00:01 ; elapsed = 00:00:01 . Memory (MB): peak = 1198.777 ; gain = 5.961

Phase 3.3 Area Swap Optimization
Phase 3.3 Area Swap Optimization | Checksum: 1b3e64c46

Time (s): cpu = 00:00:01 ; elapsed = 00:00:01 . Memory (MB): peak = 1198.777 ; gain = 5.961

Phase 3.4 Pipeline Register Optimization
Phase 3.4 Pipeline Register Optimization | Checksum: 1b3e64c46

Time (s): cpu = 00:00:01 ; elapsed = 00:00:01 . Memory (MB): peak = 1198.777 ; gain = 5.961

Phase 3.5 Small Shape Detail Placement
Phase 3.5 Small Shape Detail Placement | Checksum: 1a6dbf60c

Time (s): cpu = 00:00:02 ; elapsed = 00:00:02 . Memory (MB): peak = 1201.734 ; gain = 8.918

Phase 3.6 Re-assign LUT pins
Phase 3.6 Re-assign LUT pins | Checksum: 1a6dbf60c

Time (s): cpu = 00:00:02 ; elapsed = 00:00:02 . Memory (MB): peak = 1201.734 ; gain = 8.918

Phase 3.7 Pipeline Register Optimization
Phase 3.7 Pipeline Register Optimization | Checksum: 1a6dbf60c

Time (s): cpu = 00:00:02 ; elapsed = 00:00:02 . Memory (MB): peak = 1201.734 ; gain = 8.918
Phase 3 Detail Placement | Checksum: 1a6dbf60c

Time (s): cpu = 00:00:02 ; elapsed = 00:00:02 . Memory (MB): peak = 1201.734 ; gain = 8.918

Phase 4 Post Placement Optimization and Clean-Up

Phase 4.1 Post Commit Optimization
Phase 4.1 Post Commit Optimization | Checksum: 1a6dbf60c

Time (s): cpu = 00:00:02 ; elapsed = 00:00:02 . Memory (MB): peak = 1201.734 ; gain = 8.918

Phase 4.2 Post Placement Cleanup
Phase 4.2 Post Placement Cleanup | Checksum: 1a6dbf60c

Time (s): cpu = 00:00:02 ; elapsed = 00:00:02 . Memory (MB): peak = 1201.734 ; gain = 8.918

Phase 4.3 Placer Reporting
Phase 4.3 Placer Reporting | Checksum: 1a6dbf60c

Time (s): cpu = 00:00:02 ; elapsed = 00:00:02 . Memory (MB): peak = 1201.734 ; gain = 8.918

Phase 4.4 Final Placement Cleanup
Netlist sorting complete. Time (s): cpu = 00:00:00 ; elapsed = 00:00:00 . Memory (MB): peak = 1201.734 ; gain = 0.000
Phase 4.4 Final Placement Cleanup | Checksum: 1a6dbf60c

Time (s): cpu = 00:00:02 ; elapsed = 00:00:02 . Memory (MB): peak = 1201.734 ; gain = 8.918
Phase 4 Post Placement Optimization and Clean-Up | Checksum: 1a6dbf60c

Time (s): cpu = 00:00:02 ; elapsed = 00:00:02 . Memory (MB): peak = 1201.734 ; gain = 8.918
Ending Placer Task | Checksum: 14b8366b6

Time (s): cpu = 00:00:02 ; elapsed = 00:00:02 . Memory (MB): peak = 1201.734 ; gain = 8.918
INFO: [Common 17-83] Releasing license: Implementation
39 Infos, 1 Warnings, 7 Critical Warnings and 0 Errors encountered.
place_design completed successfully
Netlist sorting complete. Time (s): cpu = 00:00:00 ; elapsed = 00:00:00 . Memory (MB): peak = 1201.734 ; gain = 0.000
INFO: [Timing 38-480] Writing timing data to binary archive.
Writing placer database...
Writing XDEF routing.
Writing XDEF routing logical nets.
Writing XDEF routing special nets.
Write XDEF Complete: Time (s): cpu = 00:00:00 ; elapsed = 00:00:00.050 . Memory (MB): peak = 1203.301 ; gain = 1.566
Netlist sorting complete. Time (s): cpu = 00:00:00 ; elapsed = 00:00:00 . Memory (MB): peak = 1208.316 ; gain = 0.000
INFO: [Common 17-1381] The checkpoint 'C:/Users/Sven Pfiffner/LabReport1/LabReport1.runs/impl_1/Decoder_placed.dcp' has been generated.
INFO: [runtcl-4] Executing : report_io -file Decoder_io_placed.rpt
report_io: Time (s): cpu = 00:00:00 ; elapsed = 00:00:00.049 . Memory (MB): peak = 1210.156 ; gain = 0.000
INFO: [runtcl-4] Executing : report_utilization -file Decoder_utilization_placed.rpt -pb Decoder_utilization_placed.pb
INFO: [runtcl-4] Executing : report_control_sets -verbose -file Decoder_control_sets_placed.rpt
report_control_sets: Time (s): cpu = 00:00:00 ; elapsed = 00:00:00.002 . Memory (MB): peak = 1210.156 ; gain = 0.000
Command: route_design
Attempting to get a license for feature 'Implementation' and/or device 'xc7a35t'
INFO: [Common 17-349] Got license for feature 'Implementation' and/or device 'xc7a35t'
Running DRC as a precondition to command route_design
INFO: [DRC 23-27] Running DRC with 2 threads
INFO: [Vivado_Tcl 4-198] DRC finished with 0 Errors
INFO: [Vivado_Tcl 4-199] Please refer to the DRC report (report_drc) for more information.


Starting Routing Task
INFO: [Route 35-254] Multithreading enabled for route_design using a maximum of 2 CPUs
Checksum: PlaceDB: 63e96472 ConstDB: 0 ShapeSum: e79a0244 RouteDB: 0

Phase 1 Build RT Design
Phase 1 Build RT Design | Checksum: bda49e10

Time (s): cpu = 00:00:32 ; elapsed = 00:00:30 . Memory (MB): peak = 1334.598 ; gain = 124.441
Post Restoration Checksum: NetGraph: 4a594052 NumContArr: 734b5dbe Constraints: 0 Timing: 0

Phase 2 Router Initialization
INFO: [Route 35-64] No timing constraints were detected. The router will operate in resource-optimization mode.

Phase 2.1 Fix Topology Constraints
Phase 2.1 Fix Topology Constraints | Checksum: bda49e10

Time (s): cpu = 00:00:32 ; elapsed = 00:00:30 . Memory (MB): peak = 1340.594 ; gain = 130.438

Phase 2.2 Pre Route Cleanup
Phase 2.2 Pre Route Cleanup | Checksum: bda49e10

Time (s): cpu = 00:00:32 ; elapsed = 00:00:30 . Memory (MB): peak = 1340.594 ; gain = 130.438
 Number of Nodes with overlaps = 0
Phase 2 Router Initialization | Checksum: 1d87f87f8

Time (s): cpu = 00:00:32 ; elapsed = 00:00:30 . Memory (MB): peak = 1341.434 ; gain = 131.277

Phase 3 Initial Routing
Phase 3 Initial Routing | Checksum: b46c3400

Time (s): cpu = 00:00:32 ; elapsed = 00:00:31 . Memory (MB): peak = 1343.426 ; gain = 133.270

Phase 4 Rip-up And Reroute

Phase 4.1 Global Iteration 0
 Number of Nodes with overlaps = 0
Phase 4.1 Global Iteration 0 | Checksum: d1ccbe15

Time (s): cpu = 00:00:32 ; elapsed = 00:00:31 . Memory (MB): peak = 1343.426 ; gain = 133.270
Phase 4 Rip-up And Reroute | Checksum: d1ccbe15

Time (s): cpu = 00:00:32 ; elapsed = 00:00:31 . Memory (MB): peak = 1343.426 ; gain = 133.270

Phase 5 Delay and Skew Optimization
Phase 5 Delay and Skew Optimization | Checksum: d1ccbe15

Time (s): cpu = 00:00:32 ; elapsed = 00:00:31 . Memory (MB): peak = 1343.426 ; gain = 133.270

Phase 6 Post Hold Fix

Phase 6.1 Hold Fix Iter
Phase 6.1 Hold Fix Iter | Checksum: d1ccbe15

Time (s): cpu = 00:00:32 ; elapsed = 00:00:31 . Memory (MB): peak = 1343.426 ; gain = 133.270
Phase 6 Post Hold Fix | Checksum: d1ccbe15

Time (s): cpu = 00:00:32 ; elapsed = 00:00:31 . Memory (MB): peak = 1343.426 ; gain = 133.270

Phase 7 Route finalize

Router Utilization Summary
  Global Vertical Routing Utilization    = 0.000876983 %
  Global Horizontal Routing Utilization  = 0.00156169 %
  Routable Net Status*
  *Does not include unroutable nets such as driverless and loadless.
  Run report_route_status for detailed report.
  Number of Failed Nets               = 0
  Number of Unrouted Nets             = 0
  Number of Partially Routed Nets     = 0
  Number of Node Overlaps             = 0

Congestion Report
North Dir 1x1 Area, Max Cong = 0.900901%, No Congested Regions.
South Dir 1x1 Area, Max Cong = 6.30631%, No Congested Regions.
East Dir 1x1 Area, Max Cong = 2.94118%, No Congested Regions.
West Dir 1x1 Area, Max Cong = 5.88235%, No Congested Regions.

------------------------------
Reporting congestion hotspots
------------------------------
Direction: North
----------------
Congested clusters found at Level 0
Effective congestion level: 0 Aspect Ratio: 1 Sparse Ratio: 0
Direction: South
----------------
Congested clusters found at Level 0
Effective congestion level: 0 Aspect Ratio: 1 Sparse Ratio: 0
Direction: East
----------------
Congested clusters found at Level 0
Effective congestion level: 0 Aspect Ratio: 1 Sparse Ratio: 0
Direction: West
----------------
Congested clusters found at Level 0
Effective congestion level: 0 Aspect Ratio: 1 Sparse Ratio: 0

Phase 7 Route finalize | Checksum: d1ccbe15

Time (s): cpu = 00:00:32 ; elapsed = 00:00:31 . Memory (MB): peak = 1343.426 ; gain = 133.270

Phase 8 Verifying routed nets

 Verification completed successfully
Phase 8 Verifying routed nets | Checksum: d1ccbe15

Time (s): cpu = 00:00:32 ; elapsed = 00:00:31 . Memory (MB): peak = 1345.434 ; gain = 135.277

Phase 9 Depositing Routes
Phase 9 Depositing Routes | Checksum: d4c80f5b

Time (s): cpu = 00:00:32 ; elapsed = 00:00:31 . Memory (MB): peak = 1345.434 ; gain = 135.277
INFO: [Route 35-16] Router Completed Successfully

Time (s): cpu = 00:00:32 ; elapsed = 00:00:31 . Memory (MB): peak = 1345.434 ; gain = 135.277

Routing Is Done.
INFO: [Common 17-83] Releasing license: Implementation
52 Infos, 1 Warnings, 7 Critical Warnings and 0 Errors encountered.
route_design completed successfully
route_design: Time (s): cpu = 00:00:32 ; elapsed = 00:00:31 . Memory (MB): peak = 1345.434 ; gain = 135.277
Netlist sorting complete. Time (s): cpu = 00:00:00 ; elapsed = 00:00:00 . Memory (MB): peak = 1345.434 ; gain = 0.000
INFO: [Timing 38-480] Writing timing data to binary archive.
Writing placer database...
Writing XDEF routing.
Writing XDEF routing logical nets.
Writing XDEF routing special nets.
Write XDEF Complete: Time (s): cpu = 00:00:00 ; elapsed = 00:00:00.052 . Memory (MB): peak = 1345.434 ; gain = 0.000
Netlist sorting complete. Time (s): cpu = 00:00:00 ; elapsed = 00:00:00.001 . Memory (MB): peak = 1345.434 ; gain = 0.000
INFO: [Common 17-1381] The checkpoint 'C:/Users/Sven Pfiffner/LabReport1/LabReport1.runs/impl_1/Decoder_routed.dcp' has been generated.
INFO: [runtcl-4] Executing : report_drc -file Decoder_drc_routed.rpt -pb Decoder_drc_routed.pb -rpx Decoder_drc_routed.rpx
Command: report_drc -file Decoder_drc_routed.rpt -pb Decoder_drc_routed.pb -rpx Decoder_drc_routed.rpx
INFO: [IP_Flow 19-1839] IP Catalog is up to date.
INFO: [DRC 23-27] Running DRC with 2 threads
INFO: [Coretcl 2-168] The results of DRC are in file C:/Users/Sven Pfiffner/LabReport1/LabReport1.runs/impl_1/Decoder_drc_routed.rpt.
report_drc completed successfully
INFO: [runtcl-4] Executing : report_methodology -file Decoder_methodology_drc_routed.rpt -pb Decoder_methodology_drc_routed.pb -rpx Decoder_methodology_drc_routed.rpx
Command: report_methodology -file Decoder_methodology_drc_routed.rpt -pb Decoder_methodology_drc_routed.pb -rpx Decoder_methodology_drc_routed.rpx
INFO: [Timing 38-35] Done setting XDC timing constraints.
INFO: [DRC 23-133] Running Methodology with 2 threads
INFO: [Coretcl 2-1520] The results of Report Methodology are in file C:/Users/Sven Pfiffner/LabReport1/LabReport1.runs/impl_1/Decoder_methodology_drc_routed.rpt.
report_methodology completed successfully
INFO: [runtcl-4] Executing : report_power -file Decoder_power_routed.rpt -pb Decoder_power_summary_routed.pb -rpx Decoder_power_routed.rpx
Command: report_power -file Decoder_power_routed.rpt -pb Decoder_power_summary_routed.pb -rpx Decoder_power_routed.rpx
WARNING: [Power 33-232] No user defined clocks were found in the design!
Resolution: Please specify clocks using create_clock/create_generated_clock for sequential elements. For pure combinatorial circuits, please specify a virtual clock, otherwise the vectorless estimation might be inaccurate
INFO: [Timing 38-35] Done setting XDC timing constraints.
Running Vector-less Activity Propagation...

Finished Running Vector-less Activity Propagation
64 Infos, 2 Warnings, 7 Critical Warnings and 0 Errors encountered.
report_power completed successfully
INFO: [runtcl-4] Executing : report_route_status -file Decoder_route_status.rpt -pb Decoder_route_status.pb
INFO: [runtcl-4] Executing : report_timing_summary -max_paths 10 -file Decoder_timing_summary_routed.rpt -pb Decoder_timing_summary_routed.pb -rpx Decoder_timing_summary_routed.rpx -warn_on_violation 
INFO: [Timing 38-91] UpdateTimingParams: Speed grade: -1, Delay Type: min_max.
INFO: [Timing 38-191] Multithreading enabled for timing update using a maximum of 2 CPUs
WARNING: [Timing 38-313] There are no user specified timing constraints. Timing constraints are needed for proper timing analysis.
INFO: [runtcl-4] Executing : report_incremental_reuse -file Decoder_incremental_reuse_routed.rpt
INFO: [Vivado_Tcl 4-1062] Incremental flow is disabled. No incremental reuse Info to report.
INFO: [runtcl-4] Executing : report_clock_utilization -file Decoder_clock_utilization_routed.rpt
INFO: [runtcl-4] Executing : report_bus_skew -warn_on_violation -file Decoder_bus_skew_routed.rpt -pb Decoder_bus_skew_routed.pb -rpx Decoder_bus_skew_routed.rpx
INFO: [Timing 38-91] UpdateTimingParams: Speed grade: -1, Delay Type: min_max.
INFO: [Timing 38-191] Multithreading enabled for timing update using a maximum of 2 CPUs
INFO: [Common 17-206] Exiting Vivado at Fri Mar 15 11:59:18 2019...

*** Running vivado
    with args -log Decoder.vdi -applog -m64 -product Vivado -messageDb vivado.pb -mode batch -source Decoder.tcl -notrace


****** Vivado v2018.3 (64-bit)
  **** SW Build 2405991 on Thu Dec  6 23:38:27 MST 2018
  **** IP Build 2404404 on Fri Dec  7 01:43:56 MST 2018
    ** Copyright 1986-2018 Xilinx, Inc. All Rights Reserved.

source Decoder.tcl -notrace
Command: open_checkpoint Decoder_routed.dcp

Starting open_checkpoint Task

Time (s): cpu = 00:00:00 ; elapsed = 00:00:00.048 . Memory (MB): peak = 254.844 ; gain = 0.000
INFO: [Project 1-479] Netlist was created with Vivado 2018.3
INFO: [Device 21-403] Loading part xc7a35tcpg236-1
INFO: [Project 1-570] Preparing netlist for logic optimization
INFO: [Timing 38-478] Restoring timing data from binary archive.
